#
# A fatal error has been detected by the Java Runtime Environment:
#
#  EXCEPTION_ACCESS_VIOLATION (0xc0000005) at pc=0x0000000000000041, pid=24456, tid=36700
#
# JRE version: Java(TM) SE Runtime Environment (8.0_05-b13) (build 1.8.0_05-b13)
# Java VM: Java HotSpot(TM) 64-Bit Server VM (25.5-b02 mixed mode windows-amd64 compressed oops)
# Problematic frame:
# C  0x0000000000000041
#
# Failed to write core dump. Minidumps are not enabled by default on client versions of Windows
#
# If you would like to submit a bug report, please visit:
#   http://bugreport.sun.com/bugreport/crash.jsp
#

---------------  T H R E A D  ---------------

Current thread (0x000000001b829000):  JavaThread "Daemon worker Thread 4" [_thread_in_Java, id=36700, stack(0x000000002b1e0000,0x000000002b2e0000)]

siginfo: ExceptionCode=0xc0000005, ExceptionInformation=0x0000000000000008 0x0000000000000041

Registers:
RAX=0x00000000c163de00, RBX=0x000000001da62be8, RCX=0x0000000003043b80, RDX=0x00000000c163de00
RSP=0x000000002b2d6f20, RBP=0x00000000f0975808, RSI=0x000000001daf65a8, RDI=0x00000001003cdbe8
R8 =0x00000000c0b1c6d8, R9 =0x000000000000007d, R10=0x00000000c163de00, R11=0x00000000030ebcc0
R12=0x0000000000000000, R13=0x000000002b2d6f10, R14=0x000000002b2d6fb8, R15=0x000000001b829000
RIP=0x0000000000000041, EFLAGS=0x0000000000010246

Top of Stack: (sp=0x000000002b2d6f20)
0x000000002b2d6f20:   00000000c11984c0 00000000f09753b0
0x000000002b2d6f30:   000000002b2d6fa0 0000000002f472b0
0x000000002b2d6f40:   0000000100495988 0000000002f472b0
0x000000002b2d6f50:   00000000c163de00 00000000c0b1c710
0x000000002b2d6f60:   000000002b2d6f60 000000001f1fa5e6
0x000000002b2d6f70:   000000002b2d6fb8 000000001f1fa668
0x000000002b2d6f80:   0000000000000000 000000001f1fa5f8
0x000000002b2d6f90:   000000002b2d6f50 000000002b2d6fc0
0x000000002b2d6fa0:   000000002b2d6fc0 0000000004ed73f4
0x000000002b2d6fb0:   00000000c163de00 00000000c163dd00
0x000000002b2d6fc0:   00000001000198a0 000000002b2d6fc8
0x000000002b2d6fd0:   000000001e002ce8 00000000f0975808
0x000000002b2d6fe0:   00000000f0975830 00000000f0974b20
0x000000002b2d6ff0:   000000002b2d7068 0000000002f4733a
0x000000002b2d7000:   000000002b2d7068 0000000002f4733a
0x000000002b2d7010:   00000000c163dd00 00000000f0975830 

Instructions: (pc=0x0000000000000041)
0x0000000000000021:   
[error occurred during error reporting (printing registers, top of stack, instructions near pc), id 0xc0000005]

Register to memory mapping:

RAX=0x00000000c163de00 is an oop
com.android.build.gradle.internal.packaging.ParsedPackagingOptions$$Lambda$97/1401637717 
 - klass: 'com/android/build/gradle/internal/packaging/ParsedPackagingOptions$$Lambda$97'
RBX=0x000000001da62be8 is an unknown value
RCX=0x0000000003043b80 is at begin+12 in a stub
MethodHandle::interpreter_entry::_linkToStatic [0x0000000003043b74, 0x0000000003043b98[ (36 bytes)
RDX=0x00000000c163de00 is an oop
com.android.build.gradle.internal.packaging.ParsedPackagingOptions$$Lambda$97/1401637717 
 - klass: 'com/android/build/gradle/internal/packaging/ParsedPackagingOptions$$Lambda$97'
RSP=0x000000002b2d6f20 is pointing into the stack for thread: 0x000000001b829000
RBP=0x00000000f0975808 is an oop
java.util.HashMap$KeySpliterator 
 - klass: 'java/util/HashMap$KeySpliterator'
RSI=0x000000001daf65a8 is an unknown value
RDI=0x00000001003cdbe8 is an unknown value
R8 =0x00000000c0b1c6d8 is an oop
java.lang.invoke.MemberName 
 - klass: 'java/lang/invoke/MemberName'
R9 =0x000000000000007d is an unknown value
R10=0x00000000c163de00 is an oop
com.android.build.gradle.internal.packaging.ParsedPackagingOptions$$Lambda$97/1401637717 
 - klass: 'com/android/build/gradle/internal/packaging/ParsedPackagingOptions$$Lambda$97'
R11=0x00000000030ebcc0 is at entry_point+0 in (nmethod*)0x00000000030ebb90
R12=0x0000000000000000 is an unknown value
R13=0x000000002b2d6f10 is pointing into the stack for thread: 0x000000001b829000
R14=0x000000002b2d6fb8 is pointing into the stack for thread: 0x000000001b829000
R15=0x000000001b829000 is a thread


Stack: [0x000000002b1e0000,0x000000002b2e0000],  sp=0x000000002b2d6f20,  free space=987k
Native frames: (J=compiled Java code, j=interpreted, Vv=VM code, C=native code)
C  0x0000000000000041


---------------  P R O C E S S  ---------------

Java Threads: ( => current thread )
  0x000000001b82d000 JavaThread "Stdin handler" [_thread_blocked, id=6104, stack(0x000000002b3e0000,0x000000002b4e0000)]
  0x000000001b82c000 JavaThread "Asynchronous log dispatcher for org.gradle.launcher.daemon.server.DefaultDaemonConnection@27fe1460" [_thread_blocked, id=10500, stack(0x000000002b2e0000,0x000000002b3e0000)]
=>0x000000001b829000 JavaThread "Daemon worker Thread 4" [_thread_in_Java, id=36700, stack(0x000000002b1e0000,0x000000002b2e0000)]
  0x000000001b828800 JavaThread "Cancel handler" [_thread_blocked, id=15676, stack(0x000000002b0e0000,0x000000002b1e0000)]
  0x000000001b827800 JavaThread "Handler for socket connection from /127.0.0.1:54685 to /127.0.0.1:56741" [_thread_in_native, id=35008, stack(0x000000002afe0000,0x000000002b0e0000)]
  0x000000001b82a000 JavaThread "Daemon Thread 4" [_thread_blocked, id=29332, stack(0x000000002aee0000,0x000000002afe0000)]
  0x000000001b827000 JavaThread "pool-6-thread-2" [_thread_blocked, id=27088, stack(0x0000000028810000,0x0000000028910000)]
  0x000000001aa8b800 JavaThread "pool-6-thread-1" [_thread_blocked, id=35440, stack(0x0000000023fa0000,0x00000000240a0000)]
  0x000000001c837800 JavaThread "File lock request listener" [_thread_in_native, id=3332, stack(0x000000001b1c0000,0x000000001b2c0000)]
  0x0000000017e82000 JavaThread "Incoming local TCP Connector on port 54685" [_thread_in_native, id=14236, stack(0x0000000018e00000,0x0000000018f00000)]
  0x0000000017ee9000 JavaThread "pool-1-thread-1" [_thread_blocked, id=14428, stack(0x0000000017c70000,0x0000000017d70000)]
  0x000000001566e800 JavaThread "Service Thread" daemon [_thread_blocked, id=18936, stack(0x0000000017270000,0x0000000017370000)]
  0x0000000015634800 JavaThread "C1 CompilerThread2" daemon [_thread_blocked, id=27032, stack(0x0000000017170000,0x0000000017270000)]
  0x0000000015630000 JavaThread "C2 CompilerThread1" daemon [_thread_blocked, id=27796, stack(0x0000000017070000,0x0000000017170000)]
  0x000000001562b000 JavaThread "C2 CompilerThread0" daemon [_thread_blocked, id=29936, stack(0x0000000016f70000,0x0000000017070000)]
  0x00000000169b2800 JavaThread "Attach Listener" daemon [_thread_blocked, id=11664, stack(0x0000000016e70000,0x0000000016f70000)]
  0x000000001561f000 JavaThread "Signal Dispatcher" daemon [_thread_blocked, id=33020, stack(0x0000000016d70000,0x0000000016e70000)]
  0x0000000002f35800 JavaThread "Finalizer" daemon [_thread_blocked, id=19528, stack(0x0000000016870000,0x0000000016970000)]
  0x00000000155d7800 JavaThread "Reference Handler" daemon [_thread_blocked, id=12752, stack(0x0000000016770000,0x0000000016870000)]
  0x0000000002d3e000 JavaThread "main" [_thread_blocked, id=36064, stack(0x0000000002d40000,0x0000000002e40000)]

Other Threads:
  0x00000000155d6000 VMThread [stack: 0x0000000016670000,0x0000000016770000] [id=16024]
  0x0000000016a02800 WatcherThread [stack: 0x0000000017370000,0x0000000017470000] [id=36420]

VM state:not at safepoint (normal execution)

VM Mutex/Monitor currently owned by a thread: None

Heap:
 PSYoungGen      total 294912K, used 97798K [0x00000000eab00000, 0x0000000100000000, 0x0000000100000000)
  eden space 249856K, 39% used [0x00000000eab00000,0x00000000f0a818d0,0x00000000f9f00000)
  from space 45056K, 0% used [0x00000000fd400000,0x00000000fd400000,0x0000000100000000)
  to   space 49664K, 0% used [0x00000000f9f00000,0x00000000f9f00000,0x00000000fcf80000)
 ParOldGen       total 444416K, used 92482K [0x00000000c0000000, 0x00000000db200000, 0x00000000eab00000)
  object space 444416K, 20% used [0x00000000c0000000,0x00000000c5a50ab0,0x00000000db200000)
 Metaspace       used 73053K, capacity 76660K, committed 76928K, reserved 1116160K
  class space    used 9805K, capacity 10548K, committed 10624K, reserved 1048576K

Card table byte_map: [0x0000000012300000,0x0000000012510000] byte_map_base: 0x0000000011d00000

Marking Bits: (ParMarkBitMap*) 0x00000000519b13b0
 Begin Bits: [0x0000000012a70000, 0x0000000013a70000)
 End Bits:   [0x0000000013a70000, 0x0000000014a70000)

Polling page: 0x00000000028f0000

CodeCache: size=245760Kb used=58940Kb max_used=58977Kb free=186819Kb
 bounds [0x0000000002f40000, 0x0000000006990000, 0x0000000011f40000]
 total_blobs=16022 nmethods=15249 adapters=683
 compilation: enabled

Compilation events (10 events):
Event: 3303.130 Thread 0x0000000015634800 40246       3       com.sun.org.apache.xerces.internal.impl.dtd.XMLDTDProcessor::<init> (54 bytes)
Event: 3303.130 Thread 0x0000000015634800 nmethod 40246 0x0000000006189c90 code [0x0000000006189e60, 0x000000000618a670]
Event: 3303.130 Thread 0x0000000015634800 40249       3       com.sun.org.apache.xerces.internal.parsers.XML11Configuration::setDocumentHandler (46 bytes)
Event: 3303.131 Thread 0x0000000015634800 nmethod 40249 0x0000000005321790 code [0x0000000005321900, 0x0000000005321c78]
Event: 3303.131 Thread 0x0000000015634800 40250       3       com.sun.org.apache.xerces.internal.parsers.XML11Configuration::setDTDHandler (6 bytes)
Event: 3303.131 Thread 0x0000000015634800 nmethod 40250 0x0000000004da68d0 code [0x0000000004da6a20, 0x0000000004da6b90]
Event: 3303.131 Thread 0x0000000015634800 40251       3       com.sun.org.apache.xerces.internal.parsers.XML11Configuration::setDTDContentModelHandler (6 bytes)
Event: 3303.131 Thread 0x0000000015634800 nmethod 40251 0x00000000053ed290 code [0x00000000053ed3e0, 0x00000000053ed550]
Event: 3303.133 Thread 0x000000001562b000 40252       4       java.lang.reflect.WeakCache$CacheKey::equals (46 bytes)
Event: 3303.135 Thread 0x000000001562b000 nmethod 40252 0x000000000544cd10 code [0x000000000544ce60, 0x000000000544cf58]

GC Heap History (10 events):
Event: 2311.077 GC heap before
{Heap before GC invocations=200 (full 25):
 PSYoungGen      total 300544K, used 281424K [0x00000000eab00000, 0x00000000ffa00000, 0x0000000100000000)
  eden space 265216K, 100% used [0x00000000eab00000,0x00000000fae00000,0x00000000fae00000)
  from space 35328K, 45% used [0x00000000fd780000,0x00000000fe754010,0x00000000ffa00000)
  to   space 38912K, 0% used [0x00000000fae00000,0x00000000fae00000,0x00000000fd400000)
 ParOldGen       total 444416K, used 93472K [0x00000000c0000000, 0x00000000db200000, 0x00000000eab00000)
  object space 444416K, 21% used [0x00000000c0000000,0x00000000c5b48238,0x00000000db200000)
 Metaspace       used 72863K, capacity 76780K, committed 76928K, reserved 1116160K
  class space    used 9817K, capacity 10551K, committed 10624K, reserved 1048576K
Event: 2311.152 GC heap after
Heap after GC invocations=200 (full 25):
 PSYoungGen      total 304128K, used 25712K [0x00000000eab00000, 0x0000000100000000, 0x0000000100000000)
  eden space 265216K, 0% used [0x00000000eab00000,0x00000000eab00000,0x00000000fae00000)
  from space 38912K, 66% used [0x00000000fae00000,0x00000000fc71c010,0x00000000fd400000)
  to   space 40960K, 0% used [0x00000000fd800000,0x00000000fd800000,0x0000000100000000)
 ParOldGen       total 444416K, used 93480K [0x00000000c0000000, 0x00000000db200000, 0x00000000eab00000)
  object space 444416K, 21% used [0x00000000c0000000,0x00000000c5b4a238,0x00000000db200000)
 Metaspace       used 72863K, capacity 76780K, committed 76928K, reserved 1116160K
  class space    used 9817K, capacity 10551K, committed 10624K, reserved 1048576K
}
Event: 2329.170 GC heap before
{Heap before GC invocations=201 (full 25):
 PSYoungGen      total 304128K, used 290928K [0x00000000eab00000, 0x0000000100000000, 0x0000000100000000)
  eden space 265216K, 100% used [0x00000000eab00000,0x00000000fae00000,0x00000000fae00000)
  from space 38912K, 66% used [0x00000000fae00000,0x00000000fc71c010,0x00000000fd400000)
  to   space 40960K, 0% used [0x00000000fd800000,0x00000000fd800000,0x0000000100000000)
 ParOldGen       total 444416K, used 93480K [0x00000000c0000000, 0x00000000db200000, 0x00000000eab00000)
  object space 444416K, 21% used [0x00000000c0000000,0x00000000c5b4a238,0x00000000db200000)
 Metaspace       used 72992K, capacity 76844K, committed 76928K, reserved 1116160K
  class space    used 9818K, capacity 10551K, committed 10624K, reserved 1048576K
Event: 2329.216 GC heap after
Heap after GC invocations=201 (full 25):
 PSYoungGen      total 303104K, used 29185K [0x00000000eab00000, 0x0000000100000000, 0x0000000100000000)
  eden space 262144K, 0% used [0x00000000eab00000,0x00000000eab00000,0x00000000fab00000)
  from space 40960K, 71% used [0x00000000fd800000,0x00000000ff480530,0x0000000100000000)
  to   space 43520K, 0% used [0x00000000fab00000,0x00000000fab00000,0x00000000fd580000)
 ParOldGen       total 444416K, used 93488K [0x00000000c0000000, 0x00000000db200000, 0x00000000eab00000)
  object space 444416K, 21% used [0x00000000c0000000,0x00000000c5b4c238,0x00000000db200000)
 Metaspace       used 72992K, capacity 76844K, committed 76928K, reserved 1116160K
  class space    used 9818K, capacity 10551K, committed 10624K, reserved 1048576K
}
Event: 2330.719 GC heap before
{Heap before GC invocations=202 (full 25):
 PSYoungGen      total 303104K, used 291329K [0x00000000eab00000, 0x0000000100000000, 0x0000000100000000)
  eden space 262144K, 100% used [0x00000000eab00000,0x00000000fab00000,0x00000000fab00000)
  from space 40960K, 71% used [0x00000000fd800000,0x00000000ff480530,0x0000000100000000)
  to   space 43520K, 0% used [0x00000000fab00000,0x00000000fab00000,0x00000000fd580000)
 ParOldGen       total 444416K, used 93488K [0x00000000c0000000, 0x00000000db200000, 0x00000000eab00000)
  object space 444416K, 21% used [0x00000000c0000000,0x00000000c5b4c238,0x00000000db200000)
 Metaspace       used 72993K, capacity 76844K, committed 76928K, reserved 1116160K
  class space    used 9818K, capacity 10551K, committed 10624K, reserved 1048576K
Event: 2330.781 GC heap after
Heap after GC invocations=202 (full 25):
 PSYoungGen      total 304128K, used 41543K [0x00000000eab00000, 0x0000000100000000, 0x0000000100000000)
  eden space 262144K, 0% used [0x00000000eab00000,0x00000000eab00000,0x00000000fab00000)
  from space 41984K, 98% used [0x00000000fab00000,0x00000000fd391c58,0x00000000fd400000)
  to   space 45056K, 0% used [0x00000000fd400000,0x00000000fd400000,0x0000000100000000)
 ParOldGen       total 444416K, used 93488K [0x00000000c0000000, 0x00000000db200000, 0x00000000eab00000)
  object space 444416K, 21% used [0x00000000c0000000,0x00000000c5b4c238,0x00000000db200000)
 Metaspace       used 72993K, capacity 76844K, committed 76928K, reserved 1116160K
  class space    used 9818K, capacity 10551K, committed 10624K, reserved 1048576K
}
Event: 2332.474 GC heap before
{Heap before GC invocations=203 (full 25):
 PSYoungGen      total 304128K, used 277882K [0x00000000eab00000, 0x0000000100000000, 0x0000000100000000)
  eden space 262144K, 90% used [0x00000000eab00000,0x00000000f91ccc48,0x00000000fab00000)
  from space 41984K, 98% used [0x00000000fab00000,0x00000000fd391c58,0x00000000fd400000)
  to   space 45056K, 0% used [0x00000000fd400000,0x00000000fd400000,0x0000000100000000)
 ParOldGen       total 444416K, used 93488K [0x00000000c0000000, 0x00000000db200000, 0x00000000eab00000)
  object space 444416K, 21% used [0x00000000c0000000,0x00000000c5b4c238,0x00000000db200000)
 Metaspace       used 73018K, capacity 76844K, committed 76928K, reserved 1116160K
  class space    used 9818K, capacity 10551K, committed 10624K, reserved 1048576K
Event: 2332.482 GC heap after
Heap after GC invocations=203 (full 25):
 PSYoungGen      total 294912K, used 4017K [0x00000000eab00000, 0x0000000100000000, 0x0000000100000000)
  eden space 249856K, 0% used [0x00000000eab00000,0x00000000eab00000,0x00000000f9f00000)
  from space 45056K, 8% used [0x00000000fd400000,0x00000000fd7ec738,0x0000000100000000)
  to   space 49664K, 0% used [0x00000000f9f00000,0x00000000f9f00000,0x00000000fcf80000)
 ParOldGen       total 444416K, used 93496K [0x00000000c0000000, 0x00000000db200000, 0x00000000eab00000)
  object space 444416K, 21% used [0x00000000c0000000,0x00000000c5b4e238,0x00000000db200000)
 Metaspace       used 73018K, capacity 76844K, committed 76928K, reserved 1116160K
  class space    used 9818K, capacity 10551K, committed 10624K, reserved 1048576K
}
Event: 2332.482 GC heap before
{Heap before GC invocations=204 (full 26):
 PSYoungGen      total 294912K, used 4017K [0x00000000eab00000, 0x0000000100000000, 0x0000000100000000)
  eden space 249856K, 0% used [0x00000000eab00000,0x00000000eab00000,0x00000000f9f00000)
  from space 45056K, 8% used [0x00000000fd400000,0x00000000fd7ec738,0x0000000100000000)
  to   space 49664K, 0% used [0x00000000f9f00000,0x00000000f9f00000,0x00000000fcf80000)
 ParOldGen       total 444416K, used 93496K [0x00000000c0000000, 0x00000000db200000, 0x00000000eab00000)
  object space 444416K, 21% used [0x00000000c0000000,0x00000000c5b4e238,0x00000000db200000)
 Metaspace       used 73018K, capacity 76844K, committed 76928K, reserved 1116160K
  class space    used 9818K, capacity 10551K, committed 10624K, reserved 1048576K
Event: 2333.212 GC heap after
Heap after GC invocations=204 (full 26):
 PSYoungGen      total 294912K, used 0K [0x00000000eab00000, 0x0000000100000000, 0x0000000100000000)
  eden space 249856K, 0% used [0x00000000eab00000,0x00000000eab00000,0x00000000f9f00000)
  from space 45056K, 0% used [0x00000000fd400000,0x00000000fd400000,0x0000000100000000)
  to   space 49664K, 0% used [0x00000000f9f00000,0x00000000f9f00000,0x00000000fcf80000)
 ParOldGen       total 444416K, used 92482K [0x00000000c0000000, 0x00000000db200000, 0x00000000eab00000)
  object space 444416K, 20% used [0x00000000c0000000,0x00000000c5a50ab0,0x00000000db200000)
 Metaspace       used 72740K, capacity 76274K, committed 76928K, reserved 1116160K
  class space    used 9762K, capacity 10451K, committed 10624K, reserved 1048576K
}

Deoptimization events (10 events):
Event: 2332.378 Thread 0x000000001b827800 Uncommon trap: reason=bimorphic action=maybe_recompile pc=0x00000000032e76a8 method=org.gradle.internal.logging.text.AbstractStyledTextOutput.text(Ljava/lang/Object;)Lorg/gradle/internal/logging/text/StyledTextOutput; @ 14
Event: 3301.101 Thread 0x000000001b829000 Uncommon trap: reason=array_check action=maybe_recompile pc=0x00000000068f1dac method=java.util.ComparableTimSort.mergeLo(IIII)V @ 81
Event: 3301.112 Thread 0x000000001b829000 Uncommon trap: reason=array_check action=maybe_recompile pc=0x00000000068f1dac method=java.util.ComparableTimSort.mergeLo(IIII)V @ 81
Event: 3301.112 Thread 0x000000001b829000 Uncommon trap: reason=array_check action=maybe_recompile pc=0x00000000068f1dac method=java.util.ComparableTimSort.mergeLo(IIII)V @ 81
Event: 3301.180 Thread 0x000000001b829000 Uncommon trap: reason=array_check action=maybe_recompile pc=0x0000000005d556b8 method=java.util.ComparableTimSort.mergeHi(IIII)V @ 245
Event: 3301.197 Thread 0x000000001b829000 Uncommon trap: reason=array_check action=maybe_recompile pc=0x00000000068f1dac method=java.util.ComparableTimSort.mergeLo(IIII)V @ 81
Event: 3301.720 Thread 0x000000001b829000 Uncommon trap: reason=null_check action=make_not_entrant pc=0x0000000006362de0 method=java.util.jar.JarFile.getManifestFromReference()Ljava/util/jar/Manifest; @ 14
Event: 3302.946 Thread 0x000000001b829000 Uncommon trap: reason=unreached action=reinterpret pc=0x000000000677006c method=com.google.common.base.Strings.isNullOrEmpty(Ljava/lang/String;)Z @ 1
Event: 3302.950 Thread 0x000000001b829000 Uncommon trap: reason=unreached action=reinterpret pc=0x000000000677006c method=com.google.common.base.Strings.isNullOrEmpty(Ljava/lang/String;)Z @ 1
Event: 3302.959 Thread 0x000000001b829000 Uncommon trap: reason=unreached action=reinterpret pc=0x000000000677006c method=com.google.common.base.Strings.isNullOrEmpty(Ljava/lang/String;)Z @ 1

Internal exceptions (10 events):
Event: 3302.649 Thread 0x000000001b829000 Exception <a 'java/lang/reflect/InvocationTargetException'> (0x00000000eee57988) thrown at [D:\re\workspace\8-2-build-windows-amd64-cygwin\jdk8u5\2488\hotspot\src\share\vm\runtime\reflection.cpp, line 1079]
Event: 3302.649 Thread 0x000000001b829000 Exception <a 'java/security/PrivilegedActionException'> (0x00000000eee6f0d8) thrown at [D:\re\workspace\8-2-build-windows-amd64-cygwin\jdk8u5\2488\hotspot\src\share\vm\prims\jvm.cpp, line 1248]
Event: 3302.649 Thread 0x000000001b829000 Exception <a 'java/security/PrivilegedActionException'> (0x00000000eee71408) thrown at [D:\re\workspace\8-2-build-windows-amd64-cygwin\jdk8u5\2488\hotspot\src\share\vm\prims\jvm.cpp, line 1248]
Event: 3302.650 Thread 0x000000001b829000 Exception <a 'java/security/PrivilegedActionException'> (0x00000000eee7aa60) thrown at [D:\re\workspace\8-2-build-windows-amd64-cygwin\jdk8u5\2488\hotspot\src\share\vm\prims\jvm.cpp, line 1248]
Event: 3302.650 Thread 0x000000001b829000 Exception <a 'java/security/PrivilegedActionException'> (0x00000000eee7ecf8) thrown at [D:\re\workspace\8-2-build-windows-amd64-cygwin\jdk8u5\2488\hotspot\src\share\vm\prims\jvm.cpp, line 1248]
Event: 3302.650 Thread 0x000000001b829000 Exception <a 'java/security/PrivilegedActionException'> (0x00000000eee81028) thrown at [D:\re\workspace\8-2-build-windows-amd64-cygwin\jdk8u5\2488\hotspot\src\share\vm\prims\jvm.cpp, line 1248]
Event: 3302.650 Thread 0x000000001b829000 Exception <a 'java/security/PrivilegedActionException'> (0x00000000eee8a680) thrown at [D:\re\workspace\8-2-build-windows-amd64-cygwin\jdk8u5\2488\hotspot\src\share\vm\prims\jvm.cpp, line 1248]
Event: 3302.946 Thread 0x000000001b829000 Implicit null exception at 0x0000000006768240 to 0x0000000006770035
Event: 3302.950 Thread 0x000000001b829000 Implicit null exception at 0x0000000006768240 to 0x0000000006770035
Event: 3302.959 Thread 0x000000001b829000 Implicit null exception at 0x0000000006768240 to 0x0000000006770035

Events (10 events):
Event: 3302.912 Thread 0x000000001b829000 DEOPT UNPACKING pc=0x0000000002f87604 sp=0x000000002b2d4090 mode 0
Event: 3302.946 Thread 0x000000001b829000 Uncommon trap: trap_request=0xffffffad fr.pc=0x000000000677006c
Event: 3302.946 Thread 0x000000001b829000 DEOPT PACKING pc=0x000000000677006c sp=0x000000002b2d68a0
Event: 3302.950 Thread 0x000000001b829000 DEOPT UNPACKING pc=0x0000000002f855af sp=0x000000002b2d66b8 mode 2
Event: 3302.950 Thread 0x000000001b829000 Uncommon trap: trap_request=0xffffffad fr.pc=0x000000000677006c
Event: 3302.950 Thread 0x000000001b829000 DEOPT PACKING pc=0x000000000677006c sp=0x000000002b2d6a00
Event: 3302.950 Thread 0x000000001b829000 DEOPT UNPACKING pc=0x0000000002f855af sp=0x000000002b2d6818 mode 2
Event: 3302.959 Thread 0x000000001b829000 Uncommon trap: trap_request=0xffffffad fr.pc=0x000000000677006c
Event: 3302.960 Thread 0x000000001b829000 DEOPT PACKING pc=0x000000000677006c sp=0x000000002b2d6b60
Event: 3302.960 Thread 0x000000001b829000 DEOPT UNPACKING pc=0x0000000002f855af sp=0x000000002b2d6978 mode 2


Dynamic libraries:
0x00007ff787c10000 - 0x00007ff787c44000 	C:\Program Files\Java\jdk1.8.0_05\bin\java.exe
0x00007ff9537c0000 - 0x00007ff953991000 	C:\WINDOWS\SYSTEM32\ntdll.dll
0x00007ff953130000 - 0x00007ff9531db000 	C:\WINDOWS\System32\KERNEL32.DLL
0x00007ff950490000 - 0x00007ff9506ad000 	C:\WINDOWS\System32\KERNELBASE.dll
0x00007ff951680000 - 0x00007ff951722000 	C:\WINDOWS\System32\ADVAPI32.dll
0x00007ff952e40000 - 0x00007ff952ede000 	C:\WINDOWS\System32\msvcrt.dll
0x00007ff9515e0000 - 0x00007ff951639000 	C:\WINDOWS\System32\sechost.dll
0x00007ff950e50000 - 0x00007ff950f71000 	C:\WINDOWS\System32\RPCRT4.dll
0x00007ff9534b0000 - 0x00007ff953615000 	C:\WINDOWS\System32\USER32.dll
0x00007ff950760000 - 0x00007ff95077e000 	C:\WINDOWS\System32\win32u.dll
0x00007ff950f80000 - 0x00007ff950fb4000 	C:\WINDOWS\System32\GDI32.dll
0x00007ff950940000 - 0x00007ff950ac2000 	C:\WINDOWS\System32\gdi32full.dll
0x00007ff943d10000 - 0x00007ff943f89000 	C:\WINDOWS\WinSxS\amd64_microsoft.windows.common-controls_6595b64144ccf1df_6.0.14393.447_none_42191651c6827bb3\COMCTL32.dll
0x00007ff9531e0000 - 0x00007ff9534a8000 	C:\WINDOWS\System32\combase.dll
0x00007ff94fcb0000 - 0x00007ff94fda5000 	C:\WINDOWS\System32\ucrtbase.dll
0x00007ff950830000 - 0x00007ff95089a000 	C:\WINDOWS\System32\bcryptPrimitives.dll
0x00007ff951650000 - 0x00007ff95167e000 	C:\WINDOWS\System32\IMM32.DLL
0x0000000051a30000 - 0x0000000051b02000 	C:\Program Files\Java\jdk1.8.0_05\jre\bin\msvcr100.dll
0x0000000051200000 - 0x0000000051a2a000 	C:\Program Files\Java\jdk1.8.0_05\jre\bin\server\jvm.dll
0x00007ff951640000 - 0x00007ff951648000 	C:\WINDOWS\System32\PSAPI.DLL
0x00007ff94df80000 - 0x00007ff94dfa3000 	C:\WINDOWS\SYSTEM32\WINMM.dll
0x00007ff92acc0000 - 0x00007ff92acc9000 	C:\WINDOWS\SYSTEM32\WSOCK32.dll
0x00007ff952dd0000 - 0x00007ff952e3a000 	C:\WINDOWS\System32\WS2_32.dll
0x00007ff94dcd0000 - 0x00007ff94dcfb000 	C:\WINDOWS\SYSTEM32\WINMMBASE.dll
0x00007ff950b30000 - 0x00007ff950b72000 	C:\WINDOWS\System32\cfgmgr32.dll
0x00000000511f0000 - 0x00000000511ff000 	C:\Program Files\Java\jdk1.8.0_05\jre\bin\verify.dll
0x00000000511c0000 - 0x00000000511e8000 	C:\Program Files\Java\jdk1.8.0_05\jre\bin\java.dll
0x00000000511a0000 - 0x00000000511b6000 	C:\Program Files\Java\jdk1.8.0_05\jre\bin\zip.dll
0x00007ff951730000 - 0x00007ff952c39000 	C:\WINDOWS\System32\SHELL32.dll
0x00007ff94fdb0000 - 0x00007ff95048a000 	C:\WINDOWS\System32\windows.storage.dll
0x00007ff94fc60000 - 0x00007ff94fcac000 	C:\WINDOWS\System32\powrprof.dll
0x00007ff952d70000 - 0x00007ff952dc2000 	C:\WINDOWS\System32\shlwapi.dll
0x00007ff94fc30000 - 0x00007ff94fc3f000 	C:\WINDOWS\System32\kernel.appcore.dll
0x00007ff9506b0000 - 0x00007ff950759000 	C:\WINDOWS\System32\shcore.dll
0x00007ff94fc40000 - 0x00007ff94fc54000 	C:\WINDOWS\System32\profapi.dll
0x0000000051180000 - 0x000000005119a000 	C:\Program Files\Java\jdk1.8.0_05\jre\bin\net.dll
0x00007ff94f550000 - 0x00007ff94f5ac000 	C:\WINDOWS\system32\mswsock.dll
0x0000000051160000 - 0x0000000051171000 	C:\Program Files\Java\jdk1.8.0_05\jre\bin\nio.dll
0x00007ff94cb80000 - 0x00007ff94cb92000 	C:\Users\Jun\.gradle\native\19\windows-amd64\native-platform.dll
0x00007ff94f6f0000 - 0x00007ff94f707000 	C:\WINDOWS\SYSTEM32\CRYPTSP.dll
0x00007ff94f160000 - 0x00007ff94f193000 	C:\WINDOWS\system32\rsaenh.dll
0x00007ff94f800000 - 0x00007ff94f82b000 	C:\WINDOWS\SYSTEM32\bcrypt.dll
0x00007ff94f3d0000 - 0x00007ff94f3ef000 	C:\WINDOWS\SYSTEM32\USERENV.dll
0x00007ff94f710000 - 0x00007ff94f71b000 	C:\WINDOWS\SYSTEM32\CRYPTBASE.dll
0x00007ff94f2e0000 - 0x00007ff94f318000 	C:\WINDOWS\SYSTEM32\IPHLPAPI.DLL
0x00007ff952fe0000 - 0x00007ff952fe8000 	C:\WINDOWS\System32\NSI.dll
0x00007ff947fc0000 - 0x00007ff947fd6000 	C:\WINDOWS\SYSTEM32\dhcpcsvc6.DLL
0x00007ff947fa0000 - 0x00007ff947fba000 	C:\WINDOWS\SYSTEM32\dhcpcsvc.DLL
0x0000000051150000 - 0x000000005115d000 	C:\Program Files\Java\jdk1.8.0_05\jre\bin\management.dll
0x0000000051120000 - 0x0000000051144000 	C:\Program Files\Java\jdk1.8.0_05\jre\bin\sunec.dll
0x00007ff94f330000 - 0x00007ff94f3d0000 	C:\WINDOWS\SYSTEM32\DNSAPI.dll
0x00007ff947000000 - 0x00007ff94700a000 	C:\Windows\System32\rasadhlp.dll
0x00007ff947d10000 - 0x00007ff947d7a000 	C:\WINDOWS\System32\fwpuclnt.dll
0x00007ff93ae40000 - 0x00007ff93ae56000 	C:\WINDOWS\system32\napinsp.dll
0x00007ff93ae60000 - 0x00007ff93ae7a000 	C:\WINDOWS\system32\pnrpnsp.dll
0x00007ff94d570000 - 0x00007ff94d588000 	C:\WINDOWS\system32\NLAapi.dll
0x00007ff93d3b0000 - 0x00007ff93d3be000 	C:\WINDOWS\System32\winrnr.dll
0x00007ff93d3c0000 - 0x00007ff93d3d5000 	C:\WINDOWS\System32\wshbth.dll
0x0000000050380000 - 0x0000000050389000 	C:\Program Files\Java\jdk1.8.0_05\jre\bin\attach.dll
0x0000000050350000 - 0x0000000050373000 	C:\Program Files\Java\jdk1.8.0_05\jre\bin\instrument.dll
0x00007ff93abc0000 - 0x00007ff93ad52000 	C:\WINDOWS\SYSTEM32\dbghelp.dll

VM Arguments:
jvm_args: -XX:MaxPermSize=256m -XX:+HeapDumpOnOutOfMemoryError -Xmx1024m -Dfile.encoding=GBK -Duser.country=CN -Duser.language=zh -Duser.variant 
java_command: org.gradle.launcher.daemon.bootstrap.GradleDaemon 2.14.1
java_class_path (initial): C:\Users\Jun\.gradle\wrapper\dists\gradle-2.14.1-all\8bnwg5hd3w55iofp58khbp6yv\gradle-2.14.1\lib\gradle-launcher-2.14.1.jar
Launcher Type: SUN_STANDARD

Environment Variables:
JAVA_HOME=C:\Program Files\Java\jdk1.8.0_05
CLASSPATH=.;C:\Program Files\Java\jdk1.8.0_05\lib\dt.jar;C:\Program Files\Java\jdk1.8.0_05\lib\tools.jar
PATH=C:\WINDOWS\system32;C:\WINDOWS;C:\WINDOWS\System32\Wbem;C:\WINDOWS\System32\WindowsPowerShell\v1.0\;D:\Program Files (x86)\Git\cmd;C:\Users\Jun\AppData\Local\Android\Sdk\platform-tools;C:\Users\Jun\AppData\Local\Android\Sdk\tools;D:\Program Files (x86)\Python;C:\Program Files\Java\jdk1.8.0_05\bin;C:\Program Files\Java\jdk1.8.0_05\jre\bin;C:\Users\Jun\AppData\Local\Microsoft\WindowsApps
USERNAME=Jun
OS=Windows_NT
PROCESSOR_IDENTIFIER=Intel64 Family 6 Model 78 Stepping 3, GenuineIntel



---------------  S Y S T E M  ---------------

OS: Windows 8.1 , 64 bit Build 9600 

CPU:total 4 (2 cores per cpu, 2 threads per core) family 6 model 78 stepping 3, cmov, cx8, fxsr, mmx, sse, sse2, sse3, ssse3, sse4.1, sse4.2, popcnt, avx, avx2, clmul, erms, ht, tsc, tscinvbit

Memory: 4k page, physical 7802224k(1286340k free), swap 14122296k(2840652k free)

vm_info: Java HotSpot(TM) 64-Bit Server VM (25.5-b02) for windows-amd64 JRE (1.8.0_05-b13), built on Mar 18 2014 01:08:39 by "java_re" with MS VC++ 10.0 (VS2010)

time: Thu Feb 16 17:25:43 2017
elapsed time: 3303 seconds

